[06:37:50.940] [DEBUG] Command "yarn.cmd" not found, trying next variation...
[06:37:50.993] [DEBUG] Command "yarn.exe" not found, trying next variation...
[06:37:51.047] [DEBUG] Command "yarn.ps1" not found, trying next variation...
[06:37:51.148] [DEBUG] Command "pnpm.cmd" not found, trying next variation...
[06:37:51.203] [DEBUG] Command "pnpm.exe" not found, trying next variation...
[06:37:51.262] [DEBUG] Command "pnpm.ps1" not found, trying next variation...
[06:37:51.674] [INFO] [36mInitializing Storybook[39m
[06:37:51.728] [DEBUG] Command "yarn.cmd" not found, trying next variation...
[06:37:51.778] [DEBUG] Command "yarn.exe" not found, trying next variation...
[06:37:51.829] [DEBUG] Command "yarn.ps1" not found, trying next variation...
[06:37:51.926] [DEBUG] Command "pnpm.cmd" not found, trying next variation...
[06:37:51.975] [DEBUG] Command "pnpm.exe" not found, trying next variation...
[06:37:52.025] [DEBUG] Command "pnpm.ps1" not found, trying next variation...
[06:37:52.399] [DEBUG] Getting package.json info for C:\Users\nbros\easygo-local\easygo\package.json...
[06:37:52.399] [INFO] Package manager: npm
[06:37:52.402] [ERROR] [38;2;241;97;97mError: ENOENT: no such file or directory, open '.\package.json'[39m
    at readFileSync (node:fs:439:20)
    at _JsPackageManager.getPackageJson (file:///C:/Users/nbros/AppData/Local/npm-cache/_npx/05823ecb1a3a987d/node_modules/storybook/dist/_node-chunks/chunk-6U2XPXR7.js:9703:23)
    at get packageJson (file:///C:/Users/nbros/AppData/Local/npm-cache/_npx/05823ecb1a3a987d/node_modules/storybook/dist/_node-chunks/chunk-6U2XPXR7.js:10043:34)
    at PreflightCheckCommand.checkPackageNameConflict (file:///C:/Users/nbros/AppData/Local/npm-cache/_npx/05823ecb1a3a987d/node_modules/create-storybook/dist/_node-chunks/chunk-SGWNRTQ7.js:666:39)
    at PreflightCheckCommand.execute (file:///C:/Users/nbros/AppData/Local/npm-cache/_npx/05823ecb1a3a987d/node_modules/create-storybook/dist/_node-chunks/chunk-SGWNRTQ7.js:645:14)